<?xml version="1.0" encoding="UTF-8"?>
<!-- Generated by org.testng.reporters.JUnitReportReporter -->
<testsuite hostname="meem" failures="0" tests="1" name="test_Leaftaps.Test_Leaftaps" time="6.798" errors="0" timestamp="2023-02-16T01:00:48 EST" skipped="0">
  <testcase classname="test_Leaftaps.Test_Leaftaps" name="leaftaps" time="6.798"/>
</testsuite> <!-- test_Leaftaps.Test_Leaftaps -->
