<?xml version="1.0" encoding="UTF-8"?>
<!-- Generated by org.testng.reporters.JUnitReportReporter -->
<testsuite hostname="meem" failures="0" tests="1" name="com.Runner.Runner" time="8.116" errors="0" timestamp="2023-02-16T13:47:45 EST" skipped="0">
  <testcase classname="com.Runner.Runner" name="leafTaps" time="8.116"/>
</testsuite> <!-- com.Runner.Runner -->
